Building DAG of jobs...
Using shell: /bin/bash
Provided cores: 1 (use --cores to define parallelism)
Rules claiming more threads will be scaled down.
Job counts:
	count	jobs
	1	all
	1

[Wed May  6 11:58:17 2020]
localrule all:
    output: output/output
    jobid: 0

Waiting at most 5 seconds for missing files.
MissingOutputException in line 1 of /home/dmitrii/Projects/python_2/pipe0/Snakefile:
Missing files after 5 seconds:
output/output
This might be due to filesystem latency. If that is the case, consider to increase the wait time with --latency-wait.
Shutting down, this might take some time.
Exiting because a job execution failed. Look above for error message
Complete log: /home/dmitrii/Projects/python_2/pipe0/.snakemake/log/2020-05-06T115817.265878.snakemake.log
