Building DAG of jobs...
Using shell: /bin/bash
Provided cores: 1 (use --cores to define parallelism)
Rules claiming more threads will be scaled down.
Job counts:
	count	jobs
	1	all
	1	parser
	2

[Wed May  6 10:48:09 2020]
rule parser:
    input: input/Vova
    output: output/Vova
    jobid: 1
    wildcards: files=Vova

[Wed May  6 10:48:09 2020]
Finished job 1.
1 of 2 steps (50%) done

[Wed May  6 10:48:09 2020]
localrule all:
    input: output/Vova
    output: .status
    jobid: 0

Touching output file .status.
[Wed May  6 10:48:09 2020]
Finished job 0.
2 of 2 steps (100%) done
Complete log: /home/dmitrii/Projects/python_2/pipe1/.snakemake/log/2020-05-06T104809.257682.snakemake.log
